<?xml version="1.0" encoding="UTF-8"?>
<testsuite xmlns:xsi="http://www.w3.org/2001/XMLSchema-instance" xsi:noNamespaceSchemaLocation="https://maven.apache.org/surefire/maven-surefire-plugin/xsd/surefire-test-report.xsd" name="TestRunner.AmazonTest" time="26.535" tests="18" errors="3" skipped="0" failures="0">
  <properties>
    <property name="sun.desktop" value="windows"/>
    <property name="awt.toolkit" value="sun.awt.windows.WToolkit"/>
    <property name="file.encoding.pkg" value="sun.io"/>
    <property name="java.specification.version" value="1.8"/>
    <property name="sun.cpu.isalist" value="amd64"/>
    <property name="sun.jnu.encoding" value="Cp1252"/>
    <property name="java.class.path" value="B:\Softwares\eclipse-java-2018-12-R-win32-x86_64\workspace\CucumberLatest\target\test-classes;B:\Softwares\eclipse-java-2018-12-R-win32-x86_64\workspace\CucumberLatest\target\classes;C:\Users\Rupesh\.m2\repository\io\cucumber\cucumber-java\6.10.0\cucumber-java-6.10.0.jar;C:\Users\Rupesh\.m2\repository\io\cucumber\cucumber-core\6.10.0\cucumber-core-6.10.0.jar;C:\Users\Rupesh\.m2\repository\io\cucumber\cucumber-gherkin\6.10.0\cucumber-gherkin-6.10.0.jar;C:\Users\Rupesh\.m2\repository\io\cucumber\cucumber-gherkin-messages\6.10.0\cucumber-gherkin-messages-6.10.0.jar;C:\Users\Rupesh\.m2\repository\io\cucumber\messages\14.0.1\messages-14.0.1.jar;C:\Users\Rupesh\.m2\repository\io\cucumber\tag-expressions\3.0.0\tag-expressions-3.0.0.jar;C:\Users\Rupesh\.m2\repository\io\cucumber\cucumber-expressions\10.3.0\cucumber-expressions-10.3.0.jar;C:\Users\Rupesh\.m2\repository\io\cucumber\datatable\3.5.0\datatable-3.5.0.jar;C:\Users\Rupesh\.m2\repository\io\cucumber\cucumber-plugin\6.10.0\cucumber-plugin-6.10.0.jar;C:\Users\Rupesh\.m2\repository\io\cucumber\docstring\6.10.0\docstring-6.10.0.jar;C:\Users\Rupesh\.m2\repository\io\cucumber\html-formatter\12.0.0\html-formatter-12.0.0.jar;C:\Users\Rupesh\.m2\repository\io\cucumber\create-meta\3.0.0\create-meta-3.0.0.jar;C:\Users\Rupesh\.m2\repository\org\apiguardian\apiguardian-api\1.1.1\apiguardian-api-1.1.1.jar;C:\Users\Rupesh\.m2\repository\io\cucumber\cucumber-junit\6.10.0\cucumber-junit-6.10.0.jar;C:\Users\Rupesh\.m2\repository\junit\junit\4.13.2\junit-4.13.2.jar;C:\Users\Rupesh\.m2\repository\org\hamcrest\hamcrest-core\1.3\hamcrest-core-1.3.jar;"/>
    <property name="java.vm.vendor" value="Oracle Corporation"/>
    <property name="sun.arch.data.model" value="64"/>
    <property name="user.variant" value=""/>
    <property name="java.vendor.url" value="http://java.oracle.com/"/>
    <property name="user.timezone" value="Asia/Calcutta"/>
    <property name="java.vm.specification.version" value="1.8"/>
    <property name="os.name" value="Windows 10"/>
    <property name="user.country" value="IN"/>
    <property name="sun.java.launcher" value="SUN_STANDARD"/>
    <property name="sun.boot.library.path" value="C:\Program Files\Java\jdk1.8.0_144\jre\bin"/>
    <property name="sun.java.command" value="C:\Users\Rupesh\AppData\Local\Temp\surefire1645965772833133503\surefirebooter8773666748571830959.jar C:\Users\Rupesh\AppData\Local\Temp\surefire1645965772833133503 2021-03-06T20-38-30_017-jvmRun1 surefire1752940184090027250tmp surefire_08813298802529742706tmp"/>
    <property name="surefire.test.class.path" value="B:\Softwares\eclipse-java-2018-12-R-win32-x86_64\workspace\CucumberLatest\target\test-classes;B:\Softwares\eclipse-java-2018-12-R-win32-x86_64\workspace\CucumberLatest\target\classes;C:\Users\Rupesh\.m2\repository\io\cucumber\cucumber-java\6.10.0\cucumber-java-6.10.0.jar;C:\Users\Rupesh\.m2\repository\io\cucumber\cucumber-core\6.10.0\cucumber-core-6.10.0.jar;C:\Users\Rupesh\.m2\repository\io\cucumber\cucumber-gherkin\6.10.0\cucumber-gherkin-6.10.0.jar;C:\Users\Rupesh\.m2\repository\io\cucumber\cucumber-gherkin-messages\6.10.0\cucumber-gherkin-messages-6.10.0.jar;C:\Users\Rupesh\.m2\repository\io\cucumber\messages\14.0.1\messages-14.0.1.jar;C:\Users\Rupesh\.m2\repository\io\cucumber\tag-expressions\3.0.0\tag-expressions-3.0.0.jar;C:\Users\Rupesh\.m2\repository\io\cucumber\cucumber-expressions\10.3.0\cucumber-expressions-10.3.0.jar;C:\Users\Rupesh\.m2\repository\io\cucumber\datatable\3.5.0\datatable-3.5.0.jar;C:\Users\Rupesh\.m2\repository\io\cucumber\cucumber-plugin\6.10.0\cucumber-plugin-6.10.0.jar;C:\Users\Rupesh\.m2\repository\io\cucumber\docstring\6.10.0\docstring-6.10.0.jar;C:\Users\Rupesh\.m2\repository\io\cucumber\html-formatter\12.0.0\html-formatter-12.0.0.jar;C:\Users\Rupesh\.m2\repository\io\cucumber\create-meta\3.0.0\create-meta-3.0.0.jar;C:\Users\Rupesh\.m2\repository\org\apiguardian\apiguardian-api\1.1.1\apiguardian-api-1.1.1.jar;C:\Users\Rupesh\.m2\repository\io\cucumber\cucumber-junit\6.10.0\cucumber-junit-6.10.0.jar;C:\Users\Rupesh\.m2\repository\junit\junit\4.13.2\junit-4.13.2.jar;C:\Users\Rupesh\.m2\repository\org\hamcrest\hamcrest-core\1.3\hamcrest-core-1.3.jar;"/>
    <property name="sun.cpu.endian" value="little"/>
    <property name="user.home" value="C:\Users\Rupesh"/>
    <property name="user.language" value="en"/>
    <property name="java.specification.vendor" value="Oracle Corporation"/>
    <property name="java.home" value="C:\Program Files\Java\jdk1.8.0_144\jre"/>
    <property name="basedir" value="B:\Softwares\eclipse-java-2018-12-R-win32-x86_64\workspace\CucumberLatest"/>
    <property name="file.separator" value="\"/>
    <property name="line.separator" value="&#10;"/>
    <property name="java.vm.specification.vendor" value="Oracle Corporation"/>
    <property name="java.specification.name" value="Java Platform API Specification"/>
    <property name="java.awt.graphicsenv" value="sun.awt.Win32GraphicsEnvironment"/>
    <property name="surefire.real.class.path" value="C:\Users\Rupesh\AppData\Local\Temp\surefire1645965772833133503\surefirebooter8773666748571830959.jar"/>
    <property name="sun.boot.class.path" value="C:\Program Files\Java\jdk1.8.0_144\jre\lib\resources.jar;C:\Program Files\Java\jdk1.8.0_144\jre\lib\rt.jar;C:\Program Files\Java\jdk1.8.0_144\jre\lib\sunrsasign.jar;C:\Program Files\Java\jdk1.8.0_144\jre\lib\jsse.jar;C:\Program Files\Java\jdk1.8.0_144\jre\lib\jce.jar;C:\Program Files\Java\jdk1.8.0_144\jre\lib\charsets.jar;C:\Program Files\Java\jdk1.8.0_144\jre\lib\jfr.jar;C:\Program Files\Java\jdk1.8.0_144\jre\classes"/>
    <property name="user.script" value=""/>
    <property name="sun.management.compiler" value="HotSpot 64-Bit Tiered Compilers"/>
    <property name="java.runtime.version" value="1.8.0_144-b01"/>
    <property name="user.name" value="Rupesh"/>
    <property name="path.separator" value=";"/>
    <property name="os.version" value="10.0"/>
    <property name="java.endorsed.dirs" value="C:\Program Files\Java\jdk1.8.0_144\jre\lib\endorsed"/>
    <property name="java.runtime.name" value="Java(TM) SE Runtime Environment"/>
    <property name="file.encoding" value="Cp1252"/>
    <property name="java.vm.name" value="Java HotSpot(TM) 64-Bit Server VM"/>
    <property name="localRepository" value="C:\Users\Rupesh\.m2\repository"/>
    <property name="java.vendor.url.bug" value="http://bugreport.sun.com/bugreport/"/>
    <property name="java.io.tmpdir" value="C:\Users\Rupesh\AppData\Local\Temp\"/>
    <property name="java.version" value="1.8.0_144"/>
    <property name="user.dir" value="B:\Softwares\eclipse-java-2018-12-R-win32-x86_64\workspace\CucumberLatest"/>
    <property name="os.arch" value="amd64"/>
    <property name="java.vm.specification.name" value="Java Virtual Machine Specification"/>
    <property name="java.awt.printerjob" value="sun.awt.windows.WPrinterJob"/>
    <property name="sun.os.patch.level" value=""/>
    <property name="java.library.path" value="C:\Program Files\Java\jdk1.8.0_144\jre\bin;C:\WINDOWS\Sun\Java\bin;C:\WINDOWS\system32;C:\WINDOWS;C:/Program Files/Java/jre1.8.0_144/bin/server;C:/Program Files/Java/jre1.8.0_144/bin;C:/Program Files/Java/jre1.8.0_144/lib/amd64;&quot;C:\ProgramData\Oracle\Java\javapath;&quot;;C:\WINDOWS\system32;C:\WINDOWS;C:\WINDOWS\System32\Wbem;C:\WINDOWS\System32\WindowsPowerShell\v1.0\;C:\Program Files\Java\jdk1.8.0_144\bin;C:\WINDOWS\System32\OpenSSH\;B:\Softwares\apache-maven-3.6.1\bin;C:\Program Files\Intel\WiFi\bin\;C:\Program Files\Common Files\Intel\WirelessCommon\;C:\Program Files (x86)\Intel\Intel(R) Management Engine Components\DAL;C:\Program Files\Intel\Intel(R) Management Engine Components\DAL;C:\Users\Rupesh\AppData\Local\Microsoft\WindowsApps;B:\Softwares\eclipse-java-2018-12-R-win32-x86_64\eclipse;;."/>
    <property name="java.vm.info" value="mixed mode"/>
    <property name="java.vendor" value="Oracle Corporation"/>
    <property name="java.vm.version" value="25.144-b01"/>
    <property name="java.ext.dirs" value="C:\Program Files\Java\jdk1.8.0_144\jre\lib\ext;C:\WINDOWS\Sun\Java\lib\ext"/>
    <property name="sun.io.unicode.encoding" value="UnicodeLittle"/>
    <property name="java.class.version" value="52.0"/>
  </properties>
  <testcase name="verify user able to create multiple companies #1" classname="Create Compant in CRM #1" time="0.399"/>
  <testcase name="verify user able to create multiple companies #2" classname="Create Compant in CRM #1" time="0.021"/>
  <testcase name="verify user able to create multiple companies #3" classname="Create Compant in CRM #1" time="0.028"/>
  <testcase name="billing amount #1" classname="Create Compant in CRM #1" time="0.091">
    <error message="&quot;user enters tax amount 10&quot; matches more than one step definition:&#10;  &quot;user enters tax amount {double}&quot; in stepdefinitions.AdactinLoginDefinitions.user_enters_tax_amount(java.lang.Double)&#10;  &quot;user enters tax amount {int}&quot; in stepdefinitions.AdactinLoginDefinitions.user_enters_tax_amount(java.lang.Integer)" type="io.cucumber.core.runner.AmbiguousStepDefinitionsException">io.cucumber.core.runner.AmbiguousStepDefinitionsException: 
"user enters tax amount 10" matches more than one step definition:
  "user enters tax amount {double}" in stepdefinitions.AdactinLoginDefinitions.user_enters_tax_amount(java.lang.Double)
  "user enters tax amount {int}" in stepdefinitions.AdactinLoginDefinitions.user_enters_tax_amount(java.lang.Integer)
</error>
    <system-out><![CDATA[
Scenario Outline: billing amount       # src/test/resources/AppFeatures/AdactinLogin.feature:28
  Given user is on billing page        # stepdefinitions.BillingSteps.user_is_on_billing_page()
  When user enters billing amount 1000 # stepdefinitions.AdactinLoginDefinitions.user_enters_billing_amount(java.lang.Integer)
  When user enters tax amount 10       # null
      io.cucumber.core.runner.AmbiguousStepDefinitionsException: "user enters tax amount 10" matches more than one step definition:
  "user enters tax amount {double}" in stepdefinitions.AdactinLoginDefinitions.user_enters_tax_amount(java.lang.Double)
  "user enters tax amount {int}" in stepdefinitions.AdactinLoginDefinitions.user_enters_tax_amount(java.lang.Integer)
	at io.cucumber.core.runner.CachingGlue.findStepDefinitionMatch(CachingGlue.java:373)
	at io.cucumber.core.runner.CachingGlue.stepDefinitionMatch(CachingGlue.java:341)
	at io.cucumber.core.runner.Runner.matchStepToStepDefinition(Runner.java:148)
	at io.cucumber.core.runner.Runner.createTestStepsForPickleSteps(Runner.java:128)
	at io.cucumber.core.runner.Runner.createTestCaseForPickle(Runner.java:111)
	at io.cucumber.core.runner.Runner.runPickle(Runner.java:72)
	at io.cucumber.junit.PickleRunners$NoStepDescriptions.run(PickleRunners.java:151)
	at io.cucumber.junit.FeatureRunner.runChild(FeatureRunner.java:135)
	at io.cucumber.junit.FeatureRunner.runChild(FeatureRunner.java:27)
	at org.junit.runners.ParentRunner$4.run(ParentRunner.java:331)
	at org.junit.runners.ParentRunner$1.schedule(ParentRunner.java:79)
	at org.junit.runners.ParentRunner.runChildren(ParentRunner.java:329)
	at org.junit.runners.ParentRunner.access$100(ParentRunner.java:66)
	at org.junit.runners.ParentRunner$2.evaluate(ParentRunner.java:293)
	at org.junit.runners.ParentRunner$3.evaluate(ParentRunner.java:306)
	at org.junit.runners.ParentRunner.run(ParentRunner.java:413)
	at io.cucumber.junit.Cucumber.runChild(Cucumber.java:200)
	at io.cucumber.junit.Cucumber.runChild(Cucumber.java:90)
	at org.junit.runners.ParentRunner$4.run(ParentRunner.java:331)
	at org.junit.runners.ParentRunner$1.schedule(ParentRunner.java:79)
	at org.junit.runners.ParentRunner.runChildren(ParentRunner.java:329)
	at org.junit.runners.ParentRunner.access$100(ParentRunner.java:66)
	at org.junit.runners.ParentRunner$2.evaluate(ParentRunner.java:293)
	at io.cucumber.junit.Cucumber$RunCucumber.evaluate(Cucumber.java:235)
	at org.junit.runners.ParentRunner$3.evaluate(ParentRunner.java:306)
	at org.junit.runners.ParentRunner.run(ParentRunner.java:413)
	at org.apache.maven.surefire.junit4.JUnit4Provider.execute(JUnit4Provider.java:365)
	at org.apache.maven.surefire.junit4.JUnit4Provider.executeWithRerun(JUnit4Provider.java:273)
	at org.apache.maven.surefire.junit4.JUnit4Provider.executeTestSet(JUnit4Provider.java:238)
	at org.apache.maven.surefire.junit4.JUnit4Provider.invoke(JUnit4Provider.java:159)
	at org.apache.maven.surefire.booter.ForkedBooter.invokeProviderInSameClassLoader(ForkedBooter.java:384)
	at org.apache.maven.surefire.booter.ForkedBooter.runSuitesInProcess(ForkedBooter.java:345)
	at org.apache.maven.surefire.booter.ForkedBooter.execute(ForkedBooter.java:126)
	at org.apache.maven.surefire.booter.ForkedBooter.main(ForkedBooter.java:418)

  And user clicks on calculate button  # stepdefinitions.BillingSteps.user_clicks_on_calculate_button()
  Then it gives the final amount 1010  # null
]]></system-out>
  </testcase>
  <testcase name="billing amount #2" classname="Create Compant in CRM #1" time="0.071">
    <error message="&quot;user enters tax amount 20&quot; matches more than one step definition:&#10;  &quot;user enters tax amount {double}&quot; in stepdefinitions.AdactinLoginDefinitions.user_enters_tax_amount(java.lang.Double)&#10;  &quot;user enters tax amount {int}&quot; in stepdefinitions.AdactinLoginDefinitions.user_enters_tax_amount(java.lang.Integer)" type="io.cucumber.core.runner.AmbiguousStepDefinitionsException">io.cucumber.core.runner.AmbiguousStepDefinitionsException: 
"user enters tax amount 20" matches more than one step definition:
  "user enters tax amount {double}" in stepdefinitions.AdactinLoginDefinitions.user_enters_tax_amount(java.lang.Double)
  "user enters tax amount {int}" in stepdefinitions.AdactinLoginDefinitions.user_enters_tax_amount(java.lang.Integer)
</error>
    <system-out><![CDATA[
Scenario Outline: billing amount      # src/test/resources/AppFeatures/AdactinLogin.feature:29
  Given user is on billing page       # stepdefinitions.BillingSteps.user_is_on_billing_page()
  When user enters billing amount 500 # stepdefinitions.AdactinLoginDefinitions.user_enters_billing_amount(java.lang.Integer)
  When user enters tax amount 20      # null
      io.cucumber.core.runner.AmbiguousStepDefinitionsException: "user enters tax amount 20" matches more than one step definition:
  "user enters tax amount {double}" in stepdefinitions.AdactinLoginDefinitions.user_enters_tax_amount(java.lang.Double)
  "user enters tax amount {int}" in stepdefinitions.AdactinLoginDefinitions.user_enters_tax_amount(java.lang.Integer)
	at io.cucumber.core.runner.CachingGlue.findStepDefinitionMatch(CachingGlue.java:373)
	at io.cucumber.core.runner.CachingGlue.stepDefinitionMatch(CachingGlue.java:341)
	at io.cucumber.core.runner.Runner.matchStepToStepDefinition(Runner.java:148)
	at io.cucumber.core.runner.Runner.createTestStepsForPickleSteps(Runner.java:128)
	at io.cucumber.core.runner.Runner.createTestCaseForPickle(Runner.java:111)
	at io.cucumber.core.runner.Runner.runPickle(Runner.java:72)
	at io.cucumber.junit.PickleRunners$NoStepDescriptions.run(PickleRunners.java:151)
	at io.cucumber.junit.FeatureRunner.runChild(FeatureRunner.java:135)
	at io.cucumber.junit.FeatureRunner.runChild(FeatureRunner.java:27)
	at org.junit.runners.ParentRunner$4.run(ParentRunner.java:331)
	at org.junit.runners.ParentRunner$1.schedule(ParentRunner.java:79)
	at org.junit.runners.ParentRunner.runChildren(ParentRunner.java:329)
	at org.junit.runners.ParentRunner.access$100(ParentRunner.java:66)
	at org.junit.runners.ParentRunner$2.evaluate(ParentRunner.java:293)
	at org.junit.runners.ParentRunner$3.evaluate(ParentRunner.java:306)
	at org.junit.runners.ParentRunner.run(ParentRunner.java:413)
	at io.cucumber.junit.Cucumber.runChild(Cucumber.java:200)
	at io.cucumber.junit.Cucumber.runChild(Cucumber.java:90)
	at org.junit.runners.ParentRunner$4.run(ParentRunner.java:331)
	at org.junit.runners.ParentRunner$1.schedule(ParentRunner.java:79)
	at org.junit.runners.ParentRunner.runChildren(ParentRunner.java:329)
	at org.junit.runners.ParentRunner.access$100(ParentRunner.java:66)
	at org.junit.runners.ParentRunner$2.evaluate(ParentRunner.java:293)
	at io.cucumber.junit.Cucumber$RunCucumber.evaluate(Cucumber.java:235)
	at org.junit.runners.ParentRunner$3.evaluate(ParentRunner.java:306)
	at org.junit.runners.ParentRunner.run(ParentRunner.java:413)
	at org.apache.maven.surefire.junit4.JUnit4Provider.execute(JUnit4Provider.java:365)
	at org.apache.maven.surefire.junit4.JUnit4Provider.executeWithRerun(JUnit4Provider.java:273)
	at org.apache.maven.surefire.junit4.JUnit4Provider.executeTestSet(JUnit4Provider.java:238)
	at org.apache.maven.surefire.junit4.JUnit4Provider.invoke(JUnit4Provider.java:159)
	at org.apache.maven.surefire.booter.ForkedBooter.invokeProviderInSameClassLoader(ForkedBooter.java:384)
	at org.apache.maven.surefire.booter.ForkedBooter.runSuitesInProcess(ForkedBooter.java:345)
	at org.apache.maven.surefire.booter.ForkedBooter.execute(ForkedBooter.java:126)
	at org.apache.maven.surefire.booter.ForkedBooter.main(ForkedBooter.java:418)

  And user clicks on calculate button # stepdefinitions.BillingSteps.user_clicks_on_calculate_button()
  Then it gives the final amount 520  # null
]]></system-out>
  </testcase>
  <testcase name="billing amount #3" classname="Create Compant in CRM #1" time="0.047"/>
  <testcase name="search a product" classname="Amazon Search functionality" time="0.028"/>
  <testcase name="Add a product" classname="Amazon Search functionality" time="0.022"/>
  <testcase name="Booking Cab Sedan" classname="Uber Booking Feature" time="0.045"/>
  <testcase name="Booking Cab SUV" classname="Uber Booking Feature" time="0.466"/>
  <testcase name="Booking Cab for Mini" classname="Uber Booking Feature" time="0.005"/>
  <testcase name="billing amount #1" classname="Calculate billing amount" time="0.004"/>
  <testcase name="billing amount #2" classname="Calculate billing amount" time="0.004"/>
  <testcase name="billing amount #3" classname="Calculate billing amount" time="0.003"/>
  <testcase name="verify user able to create multiple companies" classname="Create Compant in CRM #2" time="0.004"/>
  <testcase name="Search a Product MacBook air" classname="Create Compant in CRM #2" time="0.005"/>
  <testcase name="Search a Product Iphone" classname="Create Compant in CRM #2" time="0.015"/>
  <testcase name="TestRunner.AmazonTest" classname="TestRunner.AmazonTest" time="23.568">
    <error message="java.net.ConnectException: Connection timed out: connect" type="java.lang.RuntimeException">java.lang.RuntimeException: java.net.ConnectException: Connection timed out: connect
Caused by: java.net.ConnectException: Connection timed out: connect
</error>
  </testcase>
</testsuite>