<?xml version="1.0" encoding="UTF-8"?>
<testsuite xmlns:xsi="http://www.w3.org/2001/XMLSchema-instance" xsi:noNamespaceSchemaLocation="https://maven.apache.org/surefire/maven-surefire-plugin/xsd/surefire-test-report.xsd" name="TestRunner.AmazonTest" time="26.535" tests="18" errors="3" skipped="0" failures="0">
  <properties>
[...]
</properties>
  <testcase name="verify user able to create multiple companies #1" classname="Create Compant in CRM #1" time="0.399"/>
  <testcase name="verify user able to create multiple companies #2" classname="Create Compant in CRM #1" time="0.021"/>
  <testcase name="verify user able to create multiple companies #3" classname="Create Compant in CRM #1" time="0.028"/>
  <testcase name="billing amount #1" classname="Create Compant in CRM #1" time="0.091">
    <error message="&quot;user enters tax amount 10&quot; matches more than one step definition:&#10;  &quot;user enters tax amount {double}&quot; in stepdefinitions.AdactinLoginDefinitions.user_enters_tax_amount(java.lang.Double)&#10;  &quot;user enters tax amount {int}&quot; in stepdefinitions.AdactinLoginDefinitions.user_enters_tax_amount(java.lang.Integer)" type="io.cucumber.core.runner.AmbiguousStepDefinitionsException">io.cucumber.core.runner.AmbiguousStepDefinitionsException: 
"user enters tax amount 10" matches more than one step definition:
  "user enters tax amount {double}" in stepdefinitions.AdactinLoginDefinitions.user_enters_tax_amount(java.lang.Double)
  "user enters tax amount {int}" in stepdefinitions.AdactinLoginDefinitions.user_enters_tax_amount(java.lang.Integer)
</error>
    <system-out><![CDATA[
Scenario Outline: billing amount       # src/test/resources/AppFeatures/AdactinLogin.feature:28
  Given user is on billing page        # stepdefinitions.BillingSteps.user_is_on_billing_page()
  When user enters billing amount 1000 # stepdefinitions.AdactinLoginDefinitions.user_enters_billing_amount(java.lang.Integer)
  When user enters tax amount 10       # null
      io.cucumber.core.runner.AmbiguousStepDefinitionsException: "user enters tax amount 10" matches more than one step definition:
  "user enters tax amount {double}" in stepdefinitions.AdactinLoginDefinitions.user_enters_tax_amount(java.lang.Double)
  "user enters tax amount {int}" in stepdefinitions.AdactinLoginDefinitions.user_enters_tax_amount(java.lang.Integer)
	at io.cucumber.core.runner.CachingGlue.findStepDefinitionMatch(CachingGlue.java:373)
	at io.cucumber.core.runner.CachingGlue.stepDefinitionMatch(CachingGlue.java:341)
	at io.cucumber.core.runner.Runner.matchStepToStepDefinition(Runner.java:148)
	at io.cucumber.core.runner.Runner.createTestStepsForPickleSteps(Runner.java:128)
	at io.cucumber.core.runner.Runner.createTestCaseForPickle(Runner.java:111)
	at io.cucumber.core.runner.Runner.runPickle(Runner.java:72)
	at io.cucumber.junit.PickleRunners$NoStepDescriptions.run(PickleRunners.java:151)
	at io.cucumber.junit.FeatureRunner.runChild(FeatureRunner.java:135)
	at io.cucumber.junit.FeatureRunner.runChild(FeatureRunner.java:27)
	at org.junit.runners.ParentRunner$4.run(ParentRunner.java:331)
	at org.junit.runners.ParentRunner$1.schedule(ParentRunner.java:79)
	at org.junit.runners.ParentRunner.runChildren(ParentRunner.java:329)
	at org.junit.runners.ParentRunner.access$100(ParentRunner.java:66)
	at org.junit.runners.ParentRunner$2.evaluate(ParentRunner.java:293)
	at org.junit.runners.ParentRunner$3.evaluate(ParentRunner.java:306)
	at org.junit.runners.ParentRunner.run(ParentRunner.java:413)
	at io.cucumber.junit.Cucumber.runChild(Cucumber.java:200)
	at io.cucumber.junit.Cucumber.runChild(Cucumber.java:90)
	at org.junit.runners.ParentRunner$4.run(ParentRunner.java:331)
	at org.junit.runners.ParentRunner$1.schedule(ParentRunner.java:79)
	at org.junit.runners.ParentRunner.runChildren(ParentRunner.java:329)
	at org.junit.runners.ParentRunner.access$100(ParentRunner.java:66)
	at org.junit.runners.ParentRunner$2.evaluate(ParentRunner.java:293)
	at io.cucumber.junit.Cucumber$RunCucumber.evaluate(Cucumber.java:235)
	at org.junit.runners.ParentRunner$3.evaluate(ParentRunner.java:306)
	at org.junit.runners.ParentRunner.run(ParentRunner.java:413)
	at org.apache.maven.surefire.junit4.JUnit4Provider.execute(JUnit4Provider.java:365)
	at org.apache.maven.surefire.junit4.JUnit4Provider.executeWithRerun(JUnit4Provider.java:273)
	at org.apache.maven.surefire.junit4.JUnit4Provider.executeTestSet(JUnit4Provider.java:238)
	at org.apache.maven.surefire.junit4.JUnit4Provider.invoke(JUnit4Provider.java:159)
	at org.apache.maven.surefire.booter.ForkedBooter.invokeProviderInSameClassLoader(ForkedBooter.java:384)
	at org.apache.maven.surefire.booter.ForkedBooter.runSuitesInProcess(ForkedBooter.java:345)
	at org.apache.maven.surefire.booter.ForkedBooter.execute(ForkedBooter.java:126)
	at org.apache.maven.surefire.booter.ForkedBooter.main(ForkedBooter.java:418)

  And user clicks on calculate button  # stepdefinitions.BillingSteps.user_clicks_on_calculate_button()
  Then it gives the final amount 1010  # null
]]></system-out>
  </testcase>
  <testcase name="billing amount #2" classname="Create Compant in CRM #1" time="0.071">
    <error message="&quot;user enters tax amount 20&quot; matches more than one step definition:&#10;  &quot;user enters tax amount {double}&quot; in stepdefinitions.AdactinLoginDefinitions.user_enters_tax_amount(java.lang.Double)&#10;  &quot;user enters tax amount {int}&quot; in stepdefinitions.AdactinLoginDefinitions.user_enters_tax_amount(java.lang.Integer)" type="io.cucumber.core.runner.AmbiguousStepDefinitionsException">io.cucumber.core.runner.AmbiguousStepDefinitionsException: 
"user enters tax amount 20" matches more than one step definition:
  "user enters tax amount {double}" in stepdefinitions.AdactinLoginDefinitions.user_enters_tax_amount(java.lang.Double)
  "user enters tax amount {int}" in stepdefinitions.AdactinLoginDefinitions.user_enters_tax_amount(java.lang.Integer)
</error>
    <system-out><![CDATA[
Scenario Outline: billing amount      # src/test/resources/AppFeatures/AdactinLogin.feature:29
  Given user is on billing page       # stepdefinitions.BillingSteps.user_is_on_billing_page()
  When user enters billing amount 500 # stepdefinitions.AdactinLoginDefinitions.user_enters_billing_amount(java.lang.Integer)
  When user enters tax amount 20      # null
      io.cucumber.core.runner.AmbiguousStepDefinitionsException: "user enters tax amount 20" matches more than one step definition:
  "user enters tax amount {double}" in stepdefinitions.AdactinLoginDefinitions.user_enters_tax_amount(java.lang.Double)
  "user enters tax amount {int}" in stepdefinitions.AdactinLoginDefinitions.user_enters_tax_amount(java.lang.Integer)
	at io.cucumber.core.runner.CachingGlue.findStepDefinitionMatch(CachingGlue.java:373)
	at io.cucumber.core.runner.CachingGlue.stepDefinitionMatch(CachingGlue.java:341)
	at io.cucumber.core.runner.Runner.matchStepToStepDefinition(Runner.java:148)
	at io.cucumber.core.runner.Runner.createTestStepsForPickleSteps(Runner.java:128)
	at io.cucumber.core.runner.Runner.createTestCaseForPickle(Runner.java:111)
	at io.cucumber.core.runner.Runner.runPickle(Runner.java:72)
	at io.cucumber.junit.PickleRunners$NoStepDescriptions.run(PickleRunners.java:151)
	at io.cucumber.junit.FeatureRunner.runChild(FeatureRunner.java:135)
	at io.cucumber.junit.FeatureRunner.runChild(FeatureRunner.java:27)
	at org.junit.runners.ParentRunner$4.run(ParentRunner.java:331)
	at org.junit.runners.ParentRunner$1.schedule(ParentRunner.java:79)
	at org.junit.runners.ParentRunner.runChildren(ParentRunner.java:329)
	at org.junit.runners.ParentRunner.access$100(ParentRunner.java:66)
	at org.junit.runners.ParentRunner$2.evaluate(ParentRunner.java:293)
	at org.junit.runners.ParentRunner$3.evaluate(ParentRunner.java:306)
	at org.junit.runners.ParentRunner.run(ParentRunner.java:413)
	at io.cucumber.junit.Cucumber.runChild(Cucumber.java:200)
	at io.cucumber.junit.Cucumber.runChild(Cucumber.java:90)
	at org.junit.runners.ParentRunner$4.run(ParentRunner.java:331)
	at org.junit.runners.ParentRunner$1.schedule(ParentRunner.java:79)
	at org.junit.runners.ParentRunner.runChildren(ParentRunner.java:329)
	at org.junit.runners.ParentRunner.access$100(ParentRunner.java:66)
	at org.junit.runners.ParentRunner$2.evaluate(ParentRunner.java:293)
	at io.cucumber.junit.Cucumber$RunCucumber.evaluate(Cucumber.java:235)
	at org.junit.runners.ParentRunner$3.evaluate(ParentRunner.java:306)
	at org.junit.runners.ParentRunner.run(ParentRunner.java:413)
	at org.apache.maven.surefire.junit4.JUnit4Provider.execute(JUnit4Provider.java:365)
	at org.apache.maven.surefire.junit4.JUnit4Provider.executeWithRerun(JUnit4Provider.java:273)
	at org.apache.maven.surefire.junit4.JUnit4Provider.executeTestSet(JUnit4Provider.java:238)
	at org.apache.maven.surefire.junit4.JUnit4Provider.invoke(JUnit4Provider.java:159)
	at org.apache.maven.surefire.booter.ForkedBooter.invokeProviderInSameClassLoader(ForkedBooter.java:384)
	at org.apache.maven.surefire.booter.ForkedBooter.runSuitesInProcess(ForkedBooter.java:345)
	at org.apache.maven.surefire.booter.ForkedBooter.execute(ForkedBooter.java:126)
	at org.apache.maven.surefire.booter.ForkedBooter.main(ForkedBooter.java:418)

  And user clicks on calculate button # stepdefinitions.BillingSteps.user_clicks_on_calculate_button()
  Then it gives the final amount 520  # null
]]></system-out>
  </testcase>
  <testcase name="billing amount #3" classname="Create Compant in CRM #1" time="0.047"/>
  <testcase name="search a product" classname="Amazon Search functionality" time="0.028"/>
  <testcase name="Add a product" classname="Amazon Search functionality" time="0.022"/>
  <testcase name="Booking Cab Sedan" classname="Uber Booking Feature" time="0.045"/>
  <testcase name="Booking Cab SUV" classname="Uber Booking Feature" time="0.466"/>
  <testcase name="Booking Cab for Mini" classname="Uber Booking Feature" time="0.005"/>
  <testcase name="billing amount #1" classname="Calculate billing amount" time="0.004"/>
  <testcase name="billing amount #2" classname="Calculate billing amount" time="0.004"/>
  <testcase name="billing amount #3" classname="Calculate billing amount" time="0.003"/>
  <testcase name="verify user able to create multiple companies" classname="Create Compant in CRM #2" time="0.004"/>
  <testcase name="Search a Product MacBook air" classname="Create Compant in CRM #2" time="0.005"/>
  <testcase name="Search a Product Iphone" classname="Create Compant in CRM #2" time="0.015"/>
  <testcase name="TestRunner.AmazonTest" classname="TestRunner.AmazonTest" time="23.568">
    <error message="java.net.ConnectException: Connection timed out: connect" type="java.lang.RuntimeException">java.lang.RuntimeException: java.net.ConnectException: Connection timed out: connect
Caused by: java.net.ConnectException: Connection timed out: connect
</error>
  </testcase>
</testsuite>